# JRE version: Java(TM) SE Runtime Environment (8.0_20-b26) (build 1.8.0_20-b26)
# Java VM: Java HotSpot(TM) 64-Bit Server VM (25.20-b23 mixed mode windows-amd64 compressed oops)
Heap:
 PSYoungGen      total 224768K, used 84409K [0x00000000eab00000, 0x00000000ff780000, 0x0000000100000000)
  eden space 117248K, 71% used [0x00000000eab00000,0x00000000efd6e650,0x00000000f1d80000)
  from space 107520K, 0% used [0x00000000f8e80000,0x00000000f8e80000,0x00000000ff780000)
  to   space 111616K, 0% used [0x00000000f1d80000,0x00000000f1d80000,0x00000000f8a80000)
 ParOldGen       total 423936K, used 417903K [0x00000000c0000000, 0x00000000d9e00000, 0x00000000eab00000)
  object space 423936K, 98% used [0x00000000c0000000,0x00000000d981bc68,0x00000000d9e00000)
 Metaspace       used 6307K, capacity 7344K, committed 7552K, reserved 1056768K
  class space    used 586K, capacity 616K, committed 640K, reserved 1048576K
GC Heap History (10 events):
Event: 77.130 GC heap before
{Heap before GC invocations=28 (full 6):
 PSYoungGen      total 224768K, used 117248K [0x00000000eab00000, 0x00000000ff780000, 0x0000000100000000)
  eden space 117248K, 100% used [0x00000000eab00000,0x00000000f1d80000,0x00000000f1d80000)
  from space 107520K, 0% used [0x00000000f8e80000,0x00000000f8e80000,0x00000000ff780000)
  to   space 111616K, 0% used [0x00000000f1d80000,0x00000000f1d80000,0x00000000f8a80000)
 ParOldGen       total 423936K, used 397356K [0x00000000c0000000, 0x00000000d9e00000, 0x00000000eab00000)
  object space 423936K, 93% used [0x00000000c0000000,0x00000000d840b150,0x00000000d9e00000)
 Metaspace       used 6197K, capacity 7280K, committed 7552K, reserved 1056768K
  class space    used 580K, capacity 616K, committed 640K, reserved 1048576K
Event: 79.842 GC heap after
Heap after GC invocations=28 (full 6):
 PSYoungGen      total 224768K, used 0K [0x00000000eab00000, 0x00000000ff780000, 0x0000000100000000)
  eden space 117248K, 0% used [0x00000000eab00000,0x00000000eab00000,0x00000000f1d80000)
  from space 107520K, 0% used [0x00000000f8e80000,0x00000000f8e80000,0x00000000ff780000)
  to   space 111616K, 0% used [0x00000000f1d80000,0x00000000f1d80000,0x00000000f8a80000)
 ParOldGen       total 423936K, used 397065K [0x00000000c0000000, 0x00000000d9e00000, 0x00000000eab00000)
  object space 423936K, 93% used [0x00000000c0000000,0x00000000d83c2720,0x00000000d9e00000)
 Metaspace       used 6197K, capacity 7280K, committed 7552K, reserved 1056768K
  class space    used 580K, capacity 616K, committed 640K, reserved 1048576K
}
Event: 80.734 GC heap before
{Heap before GC invocations=29 (full 7):
 PSYoungGen      total 224768K, used 117248K [0x00000000eab00000, 0x00000000ff780000, 0x0000000100000000)
  eden space 117248K, 100% used [0x00000000eab00000,0x00000000f1d80000,0x00000000f1d80000)
  from space 107520K, 0% used [0x00000000f8e80000,0x00000000f8e80000,0x00000000ff780000)
  to   space 111616K, 0% used [0x00000000f1d80000,0x00000000f1d80000,0x00000000f8a80000)
 ParOldGen       total 423936K, used 397065K [0x00000000c0000000, 0x00000000d9e00000, 0x00000000eab00000)
  object space 423936K, 93% used [0x00000000c0000000,0x00000000d83c2720,0x00000000d9e00000)
 Metaspace       used 6197K, capacity 7280K, committed 7552K, reserved 1056768K
  class space    used 580K, capacity 616K, committed 640K, reserved 1048576K
Event: 83.143 GC heap after
Heap after GC invocations=29 (full 7):
 PSYoungGen      total 224768K, used 0K [0x00000000eab00000, 0x00000000ff780000, 0x0000000100000000)
  eden space 117248K, 0% used [0x00000000eab00000,0x00000000eab00000,0x00000000f1d80000)
  from space 107520K, 0% used [0x00000000f8e80000,0x00000000f8e80000,0x00000000ff780000)
  to   space 111616K, 0% used [0x00000000f1d80000,0x00000000f1d80000,0x00000000f8a80000)
 ParOldGen       total 423936K, used 400871K [0x00000000c0000000, 0x00000000d9e00000, 0x00000000eab00000)
  object space 423936K, 94% used [0x00000000c0000000,0x00000000d8779ff8,0x00000000d9e00000)
 Metaspace       used 6197K, capacity 7280K, committed 7552K, reserved 1056768K
  class space    used 580K, capacity 616K, committed 640K, reserved 1048576K
}
Event: 84.050 GC heap before
{Heap before GC invocations=30 (full 8):
 PSYoungGen      total 224768K, used 117248K [0x00000000eab00000, 0x00000000ff780000, 0x0000000100000000)
  eden space 117248K, 100% used [0x00000000eab00000,0x00000000f1d80000,0x00000000f1d80000)
  from space 107520K, 0% used [0x00000000f8e80000,0x00000000f8e80000,0x00000000ff780000)
  to   space 111616K, 0% used [0x00000000f1d80000,0x00000000f1d80000,0x00000000f8a80000)
 ParOldGen       total 423936K, used 400871K [0x00000000c0000000, 0x00000000d9e00000, 0x00000000eab00000)
  object space 423936K, 94% used [0x00000000c0000000,0x00000000d8779ff8,0x00000000d9e00000)
 Metaspace       used 6197K, capacity 7280K, committed 7552K, reserved 1056768K
  class space    used 580K, capacity 616K, committed 640K, reserved 1048576K
Event: 86.663 GC heap after
Heap after GC invocations=30 (full 8):
 PSYoungGen      total 224768K, used 0K [0x00000000eab00000, 0x00000000ff780000, 0x0000000100000000)
  eden space 117248K, 0% used [0x00000000eab00000,0x00000000eab00000,0x00000000f1d80000)
  from space 107520K, 0% used [0x00000000f8e80000,0x00000000f8e80000,0x00000000ff780000)
  to   space 111616K, 0% used [0x00000000f1d80000,0x00000000f1d80000,0x00000000f8a80000)
 ParOldGen       total 423936K, used 409736K [0x00000000c0000000, 0x00000000d9e00000, 0x00000000eab00000)
  object space 423936K, 96% used [0x00000000c0000000,0x00000000d9022340,0x00000000d9e00000)
 Metaspace       used 6197K, capacity 7280K, committed 7552K, reserved 1056768K
  class space    used 580K, capacity 616K, committed 640K, reserved 1048576K
}
Event: 87.661 GC heap before
{Heap before GC invocations=31 (full 9):
 PSYoungGen      total 224768K, used 117248K [0x00000000eab00000, 0x00000000ff780000, 0x0000000100000000)
  eden space 117248K, 100% used [0x00000000eab00000,0x00000000f1d80000,0x00000000f1d80000)
  from space 107520K, 0% used [0x00000000f8e80000,0x00000000f8e80000,0x00000000ff780000)
  to   space 111616K, 0% used [0x00000000f1d80000,0x00000000f1d80000,0x00000000f8a80000)
 ParOldGen       total 423936K, used 409736K [0x00000000c0000000, 0x00000000d9e00000, 0x00000000eab00000)
  object space 423936K, 96% used [0x00000000c0000000,0x00000000d9022340,0x00000000d9e00000)
 Metaspace       used 6197K, capacity 7280K, committed 7552K, reserved 1056768K
  class space    used 580K, capacity 616K, committed 640K, reserved 1048576K
Event: 91.187 GC heap after
Heap after GC invocations=31 (full 9):
 PSYoungGen      total 224768K, used 0K [0x00000000eab00000, 0x00000000ff780000, 0x0000000100000000)
  eden space 117248K, 0% used [0x00000000eab00000,0x00000000eab00000,0x00000000f1d80000)
  from space 107520K, 0% used [0x00000000f8e80000,0x00000000f8e80000,0x00000000ff780000)
  to   space 111616K, 0% used [0x00000000f1d80000,0x00000000f1d80000,0x00000000f8a80000)
 ParOldGen       total 423936K, used 399781K [0x00000000c0000000, 0x00000000d9e00000, 0x00000000eab00000)
  object space 423936K, 94% used [0x00000000c0000000,0x00000000d86694a8,0x00000000d9e00000)
 Metaspace       used 6197K, capacity 7280K, committed 7552K, reserved 1056768K
  class space    used 580K, capacity 616K, committed 640K, reserved 1048576K
}
Event: 93.001 GC heap before
{Heap before GC invocations=32 (full 10):
 PSYoungGen      total 224768K, used 117248K [0x00000000eab00000, 0x00000000ff780000, 0x0000000100000000)
  eden space 117248K, 100% used [0x00000000eab00000,0x00000000f1d80000,0x00000000f1d80000)
  from space 107520K, 0% used [0x00000000f8e80000,0x00000000f8e80000,0x00000000ff780000)
  to   space 111616K, 0% used [0x00000000f1d80000,0x00000000f1d80000,0x00000000f8a80000)
 ParOldGen       total 423936K, used 399781K [0x00000000c0000000, 0x00000000d9e00000, 0x00000000eab00000)
  object space 423936K, 94% used [0x00000000c0000000,0x00000000d86694a8,0x00000000d9e00000)
 Metaspace       used 6200K, capacity 7280K, committed 7552K, reserved 1056768K
  class space    used 580K, capacity 616K, committed 640K, reserved 1048576K
Event: 101.657 GC heap after
Heap after GC invocations=32 (full 10):
 PSYoungGen      total 224768K, used 0K [0x00000000eab00000, 0x00000000ff780000, 0x0000000100000000)
  eden space 117248K, 0% used [0x00000000eab00000,0x00000000eab00000,0x00000000f1d80000)
  from space 107520K, 0% used [0x00000000f8e80000,0x00000000f8e80000,0x00000000ff780000)
  to   space 111616K, 0% used [0x00000000f1d80000,0x00000000f1d80000,0x00000000f8a80000)
 ParOldGen       total 423936K, used 417903K [0x00000000c0000000, 0x00000000d9e00000, 0x00000000eab00000)
  object space 423936K, 98% used [0x00000000c0000000,0x00000000d981bc68,0x00000000d9e00000)
 Metaspace       used 6200K, capacity 7280K, committed 7552K, reserved 1056768K
  class space    used 580K, capacity 616K, committed 640K, reserved 1048576K
}

